This file contains any messages produced by compilers while
running configure, to aid debugging if configure makes a mistake.

It was created by bcm2835 configure 1.14, which was
generated by GNU Autoconf 2.69.  Invocation command line was

  $ ./configure 

## --------- ##
## Platform. ##
## --------- ##

hostname = raspberrypi
uname -m = armv6l
uname -r = 3.12.22+
uname -s = Linux
uname -v = #691 PREEMPT Wed Jun 18 18:29:58 BST 2014

/usr/bin/uname -p = unknown
/bin/uname -X     = unknown

/bin/arch              = unknown
/usr/bin/arch -k       = unknown
/usr/convex/getsysinfo = unknown
/usr/bin/hostinfo      = unknown
/bin/machine           = unknown
/usr/bin/oslevel       = unknown
/bin/universe          = unknown

PATH: /usr/local/sbin
PATH: /usr/local/bin
PATH: /usr/sbin
PATH: /usr/bin
PATH: /sbin
PATH: /bin


## ----------- ##
## Core tests. ##
## ----------- ##

configure:1877: checking for a BSD-compatible install
configure:1945: result: /usr/bin/install -c
configure:1956: checking whether build environment is sane
configure:2011: result: yes
configure:2162: checking for a thread-safe mkdir -p
configure:2201: result: /bin/mkdir -p
configure:2208: checking for gawk
configure:2238: result: no
configure:2208: checking for mawk
configure:2224: found /usr/bin/mawk
configure:2235: result: mawk
configure:2246: checking whether make sets $(MAKE)
configure:2268: result: yes
configure:2361: checking for style of include used by make
configure:2389: result: GNU
configure:2460: checking for gcc
configure:2476: found /usr/bin/gcc
configure:2487: result: gcc
configure:2716: checking for C compiler version
configure:2725: gcc --version >&5
gcc (Debian 4.7.2-5+rpi1) 4.7.2
Copyright (C) 2012 Free Software Foundation, Inc.
This is free software; see the source for copying conditions.  There is NO
warranty; not even for MERCHANTABILITY or FITNESS FOR A PARTICULAR PURPOSE.

configure:2736: $? = 0
configure:2725: gcc -v >&5
Using built-in specs.
COLLECT_GCC=gcc
COLLECT_LTO_WRAPPER=/usr/lib/gcc/arm-linux-gnueabihf/4.7/lto-wrapper
Target: arm-linux-gnueabihf
Configured with: ../src/configure -v --with-pkgversion='Debian 4.7.2-5+rpi1' --with-bugurl=file:///usr/share/doc/gcc-4.7/README.Bugs --enable-languages=c,c++,go,fortran,objc,obj-c++ --prefix=/usr --program-suffix=-4.7 --enable-shared --enable-linker-build-id --with-system-zlib --libexecdir=/usr/lib --without-included-gettext --enable-threads=posix --with-gxx-include-dir=/usr/include/c++/4.7 --libdir=/usr/lib --enable-nls --with-sysroot=/ --enable-clocale=gnu --enable-libstdcxx-debug --enable-libstdcxx-time=yes --enable-gnu-unique-object --disable-libitm --enable-plugin --enable-objc-gc --disable-sjlj-exceptions --with-arch=armv6 --with-fpu=vfp --with-float=hard --enable-checking=release --build=arm-linux-gnueabihf --host=arm-linux-gnueabihf --target=arm-linux-gnueabihf
Thread model: posix
gcc version 4.7.2 (Debian 4.7.2-5+rpi1) 
configure:2736: $? = 0
configure:2725: gcc -V >&5
gcc: error: unrecognized command line option '-V'
gcc: fatal error: no input files
compilation terminated.
configure:2736: $? = 4
configure:2725: gcc -qversion >&5
gcc: error: unrecognized command line option '-qversion'
gcc: fatal error: no input files
compilation terminated.
configure:2736: $? = 4
configure:2756: checking whether the C compiler works
configure:2778: gcc    conftest.c  >&5
configure:2782: $? = 0
configure:2830: result: yes
configure:2833: checking for C compiler default output file name
configure:2835: result: a.out
configure:2841: checking for suffix of executables
configure:2848: gcc -o conftest    conftest.c  >&5
configure:2852: $? = 0
configure:2874: result: 
configure:2896: checking whether we are cross compiling
configure:2904: gcc -o conftest    conftest.c  >&5
configure:2908: $? = 0
configure:2915: ./conftest
configure:2919: $? = 0
configure:2934: result: no
configure:2939: checking for suffix of object files
configure:2961: gcc -c   conftest.c >&5
configure:2965: $? = 0
configure:2986: result: o
configure:2990: checking whether we are using the GNU C compiler
configure:3009: gcc -c   conftest.c >&5
configure:3009: $? = 0
configure:3018: result: yes
configure:3027: checking whether gcc accepts -g
configure:3047: gcc -c -g  conftest.c >&5
configure:3047: $? = 0
configure:3088: result: yes
configure:3105: checking for gcc option to accept ISO C89
configure:3168: gcc  -c -g -O2  conftest.c >&5
configure:3168: $? = 0
configure:3181: result: none needed
configure:3203: checking dependency style of gcc
configure:3314: result: gcc3
configure:3330: checking for clock_gettime in -lrt
configure:3355: gcc -o conftest -g -O2   conftest.c -lrt   >&5
configure:3355: $? = 0
configure:3364: result: yes
configure:3379: checking for doxygen
configure:3409: result: no
configure:3418: WARNING: Doxygen not found - continuing without Doxygen support
configure:3464: checking for ranlib
configure:3480: found /usr/bin/ranlib
configure:3491: result: ranlib
configure:3561: checking for gcc
configure:3588: result: gcc
configure:3817: checking for C compiler version
configure:3826: gcc --version >&5
gcc (Debian 4.7.2-5+rpi1) 4.7.2
Copyright (C) 2012 Free Software Foundation, Inc.
This is free software; see the source for copying conditions.  There is NO
warranty; not even for MERCHANTABILITY or FITNESS FOR A PARTICULAR PURPOSE.

configure:3837: $? = 0
configure:3826: gcc -v >&5
Using built-in specs.
COLLECT_GCC=gcc
COLLECT_LTO_WRAPPER=/usr/lib/gcc/arm-linux-gnueabihf/4.7/lto-wrapper
Target: arm-linux-gnueabihf
Configured with: ../src/configure -v --with-pkgversion='Debian 4.7.2-5+rpi1' --with-bugurl=file:///usr/share/doc/gcc-4.7/README.Bugs --enable-languages=c,c++,go,fortran,objc,obj-c++ --prefix=/usr --program-suffix=-4.7 --enable-shared --enable-linker-build-id --with-system-zlib --libexecdir=/usr/lib --without-included-gettext --enable-threads=posix --with-gxx-include-dir=/usr/include/c++/4.7 --libdir=/usr/lib --enable-nls --with-sysroot=/ --enable-clocale=gnu --enable-libstdcxx-debug --enable-libstdcxx-time=yes --enable-gnu-unique-object --disable-libitm --enable-plugin --enable-objc-gc --disable-sjlj-exceptions --with-arch=armv6 --with-fpu=vfp --with-float=hard --enable-checking=release --build=arm-linux-gnueabihf --host=arm-linux-gnueabihf --target=arm-linux-gnueabihf
Thread model: posix
gcc version 4.7.2 (Debian 4.7.2-5+rpi1) 
configure:3837: $? = 0
configure:3826: gcc -V >&5
gcc: error: unrecognized command line option '-V'
gcc: fatal error: no input files
compilation terminated.
configure:3837: $? = 4
configure:3826: gcc -qversion >&5
gcc: error: unrecognized command line option '-qversion'
gcc: fatal error: no input files
compilation terminated.
configure:3837: $? = 4
configure:3841: checking whether we are using the GNU C compiler
configure:3869: result: yes
configure:3878: checking whether gcc accepts -g
configure:3939: result: yes
configure:3956: checking for gcc option to accept ISO C89
configure:4032: result: none needed
configure:4054: checking dependency style of gcc
configure:4165: result: gcc3
configure:4304: checking that generated files are newer than configure
configure:4310: result: done
configure:4341: creating ./config.status

## ---------------------- ##
## Running config.status. ##
## ---------------------- ##

This file was extended by bcm2835 config.status 1.14, which was
generated by GNU Autoconf 2.69.  Invocation command line was

  CONFIG_FILES    = 
  CONFIG_HEADERS  = 
  CONFIG_LINKS    = 
  CONFIG_COMMANDS = 
  $ ./config.status 

on raspberrypi

config.status:843: creating Makefile
config.status:843: creating src/Makefile
config.status:843: creating doc/Makefile
config.status:843: creating config.h
config.status:1024: config.h is unchanged
config.status:1072: executing depfiles commands

## ---------------- ##
## Cache variables. ##
## ---------------- ##

ac_cv_c_compiler_gnu=yes
ac_cv_env_CC_set=
ac_cv_env_CC_value=
ac_cv_env_CFLAGS_set=
ac_cv_env_CFLAGS_value=
ac_cv_env_CPPFLAGS_set=
ac_cv_env_CPPFLAGS_value=
ac_cv_env_LDFLAGS_set=
ac_cv_env_LDFLAGS_value=
ac_cv_env_LIBS_set=
ac_cv_env_LIBS_value=
ac_cv_env_build_alias_set=
ac_cv_env_build_alias_value=
ac_cv_env_host_alias_set=
ac_cv_env_host_alias_value=
ac_cv_env_target_alias_set=
ac_cv_env_target_alias_value=
ac_cv_lib_rt_clock_gettime=yes
ac_cv_objext=o
ac_cv_path_install='/usr/bin/install -c'
ac_cv_path_mkdir=/bin/mkdir
ac_cv_prog_AWK=mawk
ac_cv_prog_ac_ct_CC=gcc
ac_cv_prog_ac_ct_RANLIB=ranlib
ac_cv_prog_cc_c89=
ac_cv_prog_cc_g=yes
ac_cv_prog_make_make_set=yes
am_cv_CC_dependencies_compiler_type=gcc3

## ----------------- ##
## Output variables. ##
## ----------------- ##

ACLOCAL='${SHELL} /opt/retropie/supplementary/SNESDev-Rpi/libs/bcm2835-1.14/missing --run aclocal-1.12'
AMDEPBACKSLASH='\'
AMDEP_FALSE='#'
AMDEP_TRUE=''
AMTAR='$${TAR-tar}'
AUTOCONF='${SHELL} /opt/retropie/supplementary/SNESDev-Rpi/libs/bcm2835-1.14/missing --run autoconf'
AUTOHEADER='${SHELL} /opt/retropie/supplementary/SNESDev-Rpi/libs/bcm2835-1.14/missing --run autoheader'
AUTOMAKE='${SHELL} /opt/retropie/supplementary/SNESDev-Rpi/libs/bcm2835-1.14/missing --run automake-1.12'
AWK='mawk'
CC='gcc'
CCDEPMODE='depmode=gcc3'
CFLAGS='-g -O2'
CPPFLAGS=''
CYGPATH_W='echo'
DEFS='-DHAVE_CONFIG_H'
DEPDIR='.deps'
DOXYGEN=''
ECHO_C=''
ECHO_N='-n'
ECHO_T=''
EXEEXT=''
HAVE_DOXYGEN_FALSE=''
HAVE_DOXYGEN_TRUE='#'
INSTALL_DATA='${INSTALL} -m 644'
INSTALL_PROGRAM='${INSTALL}'
INSTALL_SCRIPT='${INSTALL}'
INSTALL_STRIP_PROGRAM='$(install_sh) -c -s'
LDFLAGS=''
LIBOBJS=''
LIBS='-lrt '
LTLIBOBJS=''
MAKEINFO='${SHELL} /opt/retropie/supplementary/SNESDev-Rpi/libs/bcm2835-1.14/missing --run makeinfo'
MKDIR_P='/bin/mkdir -p'
OBJEXT='o'
PACKAGE='bcm2835'
PACKAGE_BUGREPORT='mikem@open.com.au'
PACKAGE_NAME='bcm2835'
PACKAGE_STRING='bcm2835 1.14'
PACKAGE_TARNAME='bcm2835'
PACKAGE_URL=''
PACKAGE_VERSION='1.14'
PATH_SEPARATOR=':'
RANLIB='ranlib'
SET_MAKE=''
SHELL='/bin/bash'
STRIP=''
VERSION='1.14'
ac_ct_CC='gcc'
am__EXEEXT_FALSE=''
am__EXEEXT_TRUE='#'
am__fastdepCC_FALSE='#'
am__fastdepCC_TRUE=''
am__include='include'
am__isrc=''
am__leading_dot='.'
am__nodep='_no'
am__quote=''
am__tar='$${TAR-tar} chof - "$$tardir"'
am__untar='$${TAR-tar} xf -'
bindir='${exec_prefix}/bin'
build_alias=''
datadir='${datarootdir}'
datarootdir='${prefix}/share'
docdir='${datarootdir}/doc/${PACKAGE_TARNAME}'
dvidir='${docdir}'
exec_prefix='${prefix}'
host_alias=''
htmldir='${docdir}'
includedir='${prefix}/include'
infodir='${datarootdir}/info'
install_sh='${SHELL} /opt/retropie/supplementary/SNESDev-Rpi/libs/bcm2835-1.14/install-sh'
libdir='${exec_prefix}/lib'
libexecdir='${exec_prefix}/libexec'
localedir='${datarootdir}/locale'
localstatedir='${prefix}/var'
mandir='${datarootdir}/man'
mkdir_p='/bin/mkdir -p'
oldincludedir='/usr/include'
pdfdir='${docdir}'
prefix='/usr/local'
program_transform_name='s,x,x,'
psdir='${docdir}'
sbindir='${exec_prefix}/sbin'
sharedstatedir='${prefix}/com'
sysconfdir='${prefix}/etc'
target_alias=''

## ----------- ##
## confdefs.h. ##
## ----------- ##

/* confdefs.h */
#define PACKAGE_NAME "bcm2835"
#define PACKAGE_TARNAME "bcm2835"
#define PACKAGE_VERSION "1.14"
#define PACKAGE_STRING "bcm2835 1.14"
#define PACKAGE_BUGREPORT "mikem@open.com.au"
#define PACKAGE_URL ""
#define PACKAGE "bcm2835"
#define VERSION "1.14"
#define HAVE_LIBRT 1

configure: exit 0
