This file contains any messages produced by compilers while
running configure, to aid debugging if configure makes a mistake.

It was created by libConfuse configure 2.7, which was
generated by GNU Autoconf 2.65.  Invocation command line was

  $ ./configure 

## --------- ##
## Platform. ##
## --------- ##

hostname = raspberrypi
uname -m = armv7l
uname -r = 3.18.5-v7+
uname -s = Linux
uname -v = #225 SMP PREEMPT Fri Jan 30 18:53:55 GMT 2015

/usr/bin/uname -p = unknown
/bin/uname -X     = unknown

/bin/arch              = unknown
/usr/bin/arch -k       = unknown
/usr/convex/getsysinfo = unknown
/usr/bin/hostinfo      = unknown
/bin/machine           = unknown
/usr/bin/oslevel       = unknown
/bin/universe          = unknown

PATH: /usr/local/sbin
PATH: /usr/local/bin
PATH: /usr/sbin
PATH: /usr/bin
PATH: /sbin
PATH: /bin
PATH: /usr/local/games
PATH: /usr/games


## ----------- ##
## Core tests. ##
## ----------- ##

configure:2368: checking whether to enable maintainer-specific portions of Makefiles
configure:2377: result: no
configure:2406: checking for a BSD-compatible install
configure:2474: result: /usr/bin/install -c
configure:2485: checking whether build environment is sane
configure:2535: result: yes
configure:2676: checking for a thread-safe mkdir -p
configure:2715: result: /bin/mkdir -p
configure:2728: checking for gawk
configure:2758: result: no
configure:2728: checking for mawk
configure:2744: found /usr/bin/mawk
configure:2755: result: mawk
configure:2766: checking whether make sets $(MAKE)
configure:2788: result: yes
configure:2930: checking for gcc
configure:2946: found /usr/bin/gcc
configure:2957: result: gcc
configure:3186: checking for C compiler version
configure:3195: gcc --version >&5
gcc (Debian 4.7.2-5+rpi1) 4.7.2
Copyright (C) 2012 Free Software Foundation, Inc.
This is free software; see the source for copying conditions.  There is NO
warranty; not even for MERCHANTABILITY or FITNESS FOR A PARTICULAR PURPOSE.

configure:3206: $? = 0
configure:3195: gcc -v >&5
Using built-in specs.
COLLECT_GCC=gcc
COLLECT_LTO_WRAPPER=/usr/lib/gcc/arm-linux-gnueabihf/4.7/lto-wrapper
Target: arm-linux-gnueabihf
Configured with: ../src/configure -v --with-pkgversion='Debian 4.7.2-5+rpi1' --with-bugurl=file:///usr/share/doc/gcc-4.7/README.Bugs --enable-languages=c,c++,go,fortran,objc,obj-c++ --prefix=/usr --program-suffix=-4.7 --enable-shared --enable-linker-build-id --with-system-zlib --libexecdir=/usr/lib --without-included-gettext --enable-threads=posix --with-gxx-include-dir=/usr/include/c++/4.7 --libdir=/usr/lib --enable-nls --with-sysroot=/ --enable-clocale=gnu --enable-libstdcxx-debug --enable-libstdcxx-time=yes --enable-gnu-unique-object --disable-libitm --enable-plugin --enable-objc-gc --disable-sjlj-exceptions --with-arch=armv6 --with-fpu=vfp --with-float=hard --enable-checking=release --build=arm-linux-gnueabihf --host=arm-linux-gnueabihf --target=arm-linux-gnueabihf
Thread model: posix
gcc version 4.7.2 (Debian 4.7.2-5+rpi1) 
configure:3206: $? = 0
configure:3195: gcc -V >&5
gcc: error: unrecognized command line option '-V'
gcc: fatal error: no input files
compilation terminated.
configure:3206: $? = 4
configure:3195: gcc -qversion >&5
gcc: error: unrecognized command line option '-qversion'
gcc: fatal error: no input files
compilation terminated.
configure:3206: $? = 4
configure:3226: checking whether the C compiler works
configure:3248: gcc    conftest.c  >&5
configure:3252: $? = 0
configure:3301: result: yes
configure:3304: checking for C compiler default output file name
configure:3306: result: a.out
configure:3312: checking for suffix of executables
configure:3319: gcc -o conftest    conftest.c  >&5
configure:3323: $? = 0
configure:3345: result: 
configure:3367: checking whether we are cross compiling
configure:3375: gcc -o conftest    conftest.c  >&5
configure:3379: $? = 0
configure:3386: ./conftest
configure:3390: $? = 0
configure:3405: result: no
configure:3410: checking for suffix of object files
configure:3432: gcc -c   conftest.c >&5
configure:3436: $? = 0
configure:3457: result: o
configure:3461: checking whether we are using the GNU C compiler
configure:3480: gcc -c   conftest.c >&5
configure:3480: $? = 0
configure:3489: result: yes
configure:3498: checking whether gcc accepts -g
configure:3518: gcc -c -g  conftest.c >&5
configure:3518: $? = 0
configure:3559: result: yes
configure:3576: checking for gcc option to accept ISO C89
configure:3640: gcc  -c -g -O2  conftest.c >&5
configure:3640: $? = 0
configure:3653: result: none needed
configure:3684: checking for style of include used by make
configure:3712: result: GNU
configure:3737: checking dependency style of gcc
configure:3847: result: gcc3
configure:3867: checking for flex
configure:3897: result: no
configure:3867: checking for lex
configure:3897: result: no
configure:4083: checking build system type
configure:4097: result: armv7l-unknown-linux-gnueabi
configure:4117: checking host system type
configure:4130: result: armv7l-unknown-linux-gnueabi
configure:4150: checking for a sed that does not truncate output
configure:4214: result: /bin/sed
configure:4232: checking for grep that handles long lines and -e
configure:4290: result: /bin/grep
configure:4295: checking for egrep
configure:4357: result: /bin/grep -E
configure:4362: checking for fgrep
configure:4424: result: /bin/grep -F
configure:4459: checking for ld used by gcc
configure:4526: result: /usr/bin/ld
configure:4533: checking if the linker (/usr/bin/ld) is GNU ld
configure:4548: result: yes
configure:4560: checking for BSD- or MS-compatible name lister (nm)
configure:4609: result: /usr/bin/nm -B
configure:4727: checking the name lister (/usr/bin/nm -B) interface
configure:4734: gcc -c -g -O2  conftest.c >&5
configure:4737: /usr/bin/nm -B "conftest.o"
configure:4740: output
00000000 B some_variable
configure:4747: result: BSD nm
configure:4750: checking whether ln -s works
configure:4754: result: yes
configure:4762: checking the maximum length of command line arguments
configure:4882: result: 1572864
configure:4899: checking whether the shell understands some XSI constructs
configure:4909: result: yes
configure:4913: checking whether the shell understands "+="
configure:4919: result: yes
configure:4954: checking for /usr/bin/ld option to reload object files
configure:4961: result: -r
configure:5030: checking for objdump
configure:5046: found /usr/bin/objdump
configure:5057: result: objdump
configure:5089: checking how to recognize dependent libraries
configure:5285: result: pass_all
configure:5345: checking for ar
configure:5361: found /usr/bin/ar
configure:5372: result: ar
configure:5450: checking for strip
configure:5466: found /usr/bin/strip
configure:5477: result: strip
configure:5549: checking for ranlib
configure:5565: found /usr/bin/ranlib
configure:5576: result: ranlib
configure:5666: checking command to parse /usr/bin/nm -B output from gcc object
configure:5784: gcc -c -g -O2  conftest.c >&5
configure:5787: $? = 0
configure:5791: /usr/bin/nm -B conftest.o \| sed -n -e 's/^.*[	 ]\([ABCDGIRSTW][ABCDGIRSTW]*\)[	 ][	 ]*\([_A-Za-z][_A-Za-z0-9]*\)$/\1 \2 \2/p' \> conftest.nm
configure:5794: $? = 0
configure:5848: gcc -o conftest -g -O2   conftest.c conftstm.o >&5
configure:5851: $? = 0
configure:5889: result: ok
configure:6697: checking how to run the C preprocessor
configure:6728: gcc -E  conftest.c
configure:6728: $? = 0
configure:6742: gcc -E  conftest.c
conftest.c:11:28: fatal error: ac_nonexistent.h: No such file or directory
compilation terminated.
configure:6742: $? = 1
configure: failed program was:
| /* confdefs.h */
| #define PACKAGE_NAME "libConfuse"
| #define PACKAGE_TARNAME "confuse"
| #define PACKAGE_VERSION "2.7"
| #define PACKAGE_STRING "libConfuse 2.7"
| #define PACKAGE_BUGREPORT "confuse-devel@nongnu.org"
| #define PACKAGE_URL ""
| #define PACKAGE "confuse"
| #define VERSION "2.7"
| /* end confdefs.h.  */
| #include <ac_nonexistent.h>
configure:6767: result: gcc -E
configure:6787: gcc -E  conftest.c
configure:6787: $? = 0
configure:6801: gcc -E  conftest.c
conftest.c:11:28: fatal error: ac_nonexistent.h: No such file or directory
compilation terminated.
configure:6801: $? = 1
configure: failed program was:
| /* confdefs.h */
| #define PACKAGE_NAME "libConfuse"
| #define PACKAGE_TARNAME "confuse"
| #define PACKAGE_VERSION "2.7"
| #define PACKAGE_STRING "libConfuse 2.7"
| #define PACKAGE_BUGREPORT "confuse-devel@nongnu.org"
| #define PACKAGE_URL ""
| #define PACKAGE "confuse"
| #define VERSION "2.7"
| /* end confdefs.h.  */
| #include <ac_nonexistent.h>
configure:6830: checking for ANSI C header files
configure:6850: gcc -c -g -O2  conftest.c >&5
configure:6850: $? = 0
configure:6923: gcc -o conftest -g -O2   conftest.c  >&5
configure:6923: $? = 0
configure:6923: ./conftest
configure:6923: $? = 0
configure:6934: result: yes
configure:6947: checking for sys/types.h
configure:6947: gcc -c -g -O2  conftest.c >&5
configure:6947: $? = 0
configure:6947: result: yes
configure:6947: checking for sys/stat.h
configure:6947: gcc -c -g -O2  conftest.c >&5
configure:6947: $? = 0
configure:6947: result: yes
configure:6947: checking for stdlib.h
configure:6947: gcc -c -g -O2  conftest.c >&5
configure:6947: $? = 0
configure:6947: result: yes
configure:6947: checking for string.h
configure:6947: gcc -c -g -O2  conftest.c >&5
configure:6947: $? = 0
configure:6947: result: yes
configure:6947: checking for memory.h
configure:6947: gcc -c -g -O2  conftest.c >&5
configure:6947: $? = 0
configure:6947: result: yes
configure:6947: checking for strings.h
configure:6947: gcc -c -g -O2  conftest.c >&5
configure:6947: $? = 0
configure:6947: result: yes
configure:6947: checking for inttypes.h
configure:6947: gcc -c -g -O2  conftest.c >&5
configure:6947: $? = 0
configure:6947: result: yes
configure:6947: checking for stdint.h
configure:6947: gcc -c -g -O2  conftest.c >&5
configure:6947: $? = 0
configure:6947: result: yes
configure:6947: checking for unistd.h
configure:6947: gcc -c -g -O2  conftest.c >&5
configure:6947: $? = 0
configure:6947: result: yes
configure:6962: checking for dlfcn.h
configure:6962: gcc -c -g -O2  conftest.c >&5
configure:6962: $? = 0
configure:6962: result: yes
configure:7116: checking for objdir
configure:7131: result: .libs
configure:7427: checking if gcc supports -fno-rtti -fno-exceptions
configure:7445: gcc -c -g -O2  -fno-rtti -fno-exceptions conftest.c >&5
cc1: warning: command line option '-fno-rtti' is valid for C++/ObjC++ but not for C [enabled by default]
configure:7449: $? = 0
configure:7462: result: no
configure:7482: checking for gcc option to produce PIC
configure:7754: result: -fPIC -DPIC
configure:7766: checking if gcc PIC flag -fPIC -DPIC works
configure:7784: gcc -c -g -O2  -fPIC -DPIC -DPIC conftest.c >&5
configure:7788: $? = 0
configure:7801: result: yes
configure:7825: checking if gcc static flag -static works
configure:7853: result: yes
configure:7868: checking if gcc supports -c -o file.o
configure:7889: gcc -c -g -O2  -o out/conftest2.o conftest.c >&5
configure:7893: $? = 0
configure:7915: result: yes
configure:7923: checking if gcc supports -c -o file.o
configure:7970: result: yes
configure:8003: checking whether the gcc linker (/usr/bin/ld) supports shared libraries
configure:8989: result: yes
configure:9228: checking dynamic linker characteristics
configure:9674: gcc -o conftest -g -O2   -Wl,-rpath -Wl,/foo conftest.c  >&5
configure:9674: $? = 0
configure:9892: result: GNU/Linux ld.so
configure:9994: checking how to hardcode library paths into programs
configure:10019: result: immediate
configure:10539: checking whether stripping libraries is possible
configure:10544: result: yes
configure:10579: checking if libtool supports shared libraries
configure:10581: result: yes
configure:10584: checking whether to build shared libraries
configure:10605: result: no
configure:10608: checking whether to build static libraries
configure:10612: result: yes
configure:10666: checking whether NLS is requested
configure:10675: result: yes
configure:10713: checking for msgfmt
configure:10748: result: no
configure:10754: checking for gmsgfmt
configure:10785: result: :
configure:10836: checking for xgettext
configure:10871: result: no
configure:10914: checking for msgmerge
configure:10948: result: no
configure:10999: checking for ld used by GCC
configure:11063: result: /usr/bin/ld
configure:11070: checking if the linker (/usr/bin/ld) is GNU ld
configure:11083: result: yes
configure:11090: checking for shared library run path origin
configure:11103: result: done
configure:11560: checking for CFPreferencesCopyAppValue
configure:11578: gcc -o conftest -g -O2   conftest.c  -Wl,-framework -Wl,CoreFoundation >&5
conftest.c:23:42: fatal error: CoreFoundation/CFPreferences.h: No such file or directory
compilation terminated.
configure:11578: $? = 1
configure: failed program was:
| /* confdefs.h */
| #define PACKAGE_NAME "libConfuse"
| #define PACKAGE_TARNAME "confuse"
| #define PACKAGE_VERSION "2.7"
| #define PACKAGE_STRING "libConfuse 2.7"
| #define PACKAGE_BUGREPORT "confuse-devel@nongnu.org"
| #define PACKAGE_URL ""
| #define PACKAGE "confuse"
| #define VERSION "2.7"
| #define STDC_HEADERS 1
| #define HAVE_SYS_TYPES_H 1
| #define HAVE_SYS_STAT_H 1
| #define HAVE_STDLIB_H 1
| #define HAVE_STRING_H 1
| #define HAVE_MEMORY_H 1
| #define HAVE_STRINGS_H 1
| #define HAVE_INTTYPES_H 1
| #define HAVE_STDINT_H 1
| #define HAVE_UNISTD_H 1
| #define HAVE_DLFCN_H 1
| #define LT_OBJDIR ".libs/"
| /* end confdefs.h.  */
| #include <CoreFoundation/CFPreferences.h>
| int
| main ()
| {
| CFPreferencesCopyAppValue(NULL, NULL)
|   ;
|   return 0;
| }
configure:11587: result: no
configure:11594: checking for CFLocaleCopyCurrent
configure:11612: gcc -o conftest -g -O2   conftest.c  -Wl,-framework -Wl,CoreFoundation >&5
conftest.c:23:37: fatal error: CoreFoundation/CFLocale.h: No such file or directory
compilation terminated.
configure:11612: $? = 1
configure: failed program was:
| /* confdefs.h */
| #define PACKAGE_NAME "libConfuse"
| #define PACKAGE_TARNAME "confuse"
| #define PACKAGE_VERSION "2.7"
| #define PACKAGE_STRING "libConfuse 2.7"
| #define PACKAGE_BUGREPORT "confuse-devel@nongnu.org"
| #define PACKAGE_URL ""
| #define PACKAGE "confuse"
| #define VERSION "2.7"
| #define STDC_HEADERS 1
| #define HAVE_SYS_TYPES_H 1
| #define HAVE_SYS_STAT_H 1
| #define HAVE_STDLIB_H 1
| #define HAVE_STRING_H 1
| #define HAVE_MEMORY_H 1
| #define HAVE_STRINGS_H 1
| #define HAVE_INTTYPES_H 1
| #define HAVE_STDINT_H 1
| #define HAVE_UNISTD_H 1
| #define HAVE_DLFCN_H 1
| #define LT_OBJDIR ".libs/"
| /* end confdefs.h.  */
| #include <CoreFoundation/CFLocale.h>
| int
| main ()
| {
| CFLocaleCopyCurrent();
|   ;
|   return 0;
| }
configure:11621: result: no
configure:11670: checking for GNU gettext in libc
configure:11690: gcc -o conftest -g -O2   conftest.c  >&5
configure:11690: $? = 0
configure:11699: result: yes
configure:12305: checking whether to use NLS
configure:12307: result: yes
configure:12310: checking where the gettext function comes from
configure:12321: result: libc
configure:12381: checking for ANSI C header files
configure:12485: result: yes
configure:12495: checking for unistd.h
configure:12495: result: yes
configure:12507: checking for an ANSI C-conforming const
configure:12572: gcc -c -g -O2  conftest.c >&5
configure:12572: $? = 0
configure:12579: result: yes
configure:12592: checking for strcasecmp
configure:12592: gcc -o conftest -g -O2   conftest.c  >&5
conftest.c:51:6: warning: conflicting types for built-in function 'strcasecmp' [enabled by default]
configure:12592: $? = 0
configure:12592: result: yes
configure:12592: checking for strdup
configure:12592: gcc -o conftest -g -O2   conftest.c  >&5
conftest.c:52:6: warning: conflicting types for built-in function 'strdup' [enabled by default]
configure:12592: $? = 0
configure:12592: result: yes
configure:12592: checking for strndup
configure:12592: gcc -o conftest -g -O2   conftest.c  >&5
conftest.c:53:6: warning: conflicting types for built-in function 'strndup' [enabled by default]
configure:12592: $? = 0
configure:12592: result: yes
configure:12603: checking for library containing inet_ntoa
configure:12634: gcc -o conftest -g -O2   conftest.c  >&5
configure:12634: $? = 0
configure:12651: result: none required
configure:12788: creating ./config.status

## ---------------------- ##
## Running config.status. ##
## ---------------------- ##

This file was extended by libConfuse config.status 2.7, which was
generated by GNU Autoconf 2.65.  Invocation command line was

  CONFIG_FILES    = 
  CONFIG_HEADERS  = 
  CONFIG_LINKS    = 
  CONFIG_COMMANDS = 
  $ ./config.status 

on raspberrypi

config.status:1110: creating Makefile
config.status:1110: creating src/Makefile
config.status:1110: creating examples/Makefile
config.status:1110: creating po/Makefile.in
config.status:1110: creating m4/Makefile
config.status:1110: creating tests/Makefile
config.status:1110: creating doc/Makefile
config.status:1110: creating doc/Doxyfile
config.status:1110: creating libconfuse.pc
config.status:1110: creating libconfuse.spec
config.status:1110: creating config.h
config.status:1282: config.h is unchanged
config.status:1330: executing depfiles commands
config.status:1330: executing libtool commands
config.status:1330: executing po-directories commands

## ---------------- ##
## Cache variables. ##
## ---------------- ##

ac_cv_build=armv7l-unknown-linux-gnueabi
ac_cv_c_compiler_gnu=yes
ac_cv_c_const=yes
ac_cv_env_CC_set=
ac_cv_env_CC_value=
ac_cv_env_CFLAGS_set=
ac_cv_env_CFLAGS_value=
ac_cv_env_CPPFLAGS_set=
ac_cv_env_CPPFLAGS_value=
ac_cv_env_CPP_set=
ac_cv_env_CPP_value=
ac_cv_env_LDFLAGS_set=
ac_cv_env_LDFLAGS_value=
ac_cv_env_LIBS_set=
ac_cv_env_LIBS_value=
ac_cv_env_build_alias_set=
ac_cv_env_build_alias_value=
ac_cv_env_host_alias_set=
ac_cv_env_host_alias_value=
ac_cv_env_target_alias_set=
ac_cv_env_target_alias_value=
ac_cv_func_strcasecmp=yes
ac_cv_func_strdup=yes
ac_cv_func_strndup=yes
ac_cv_header_dlfcn_h=yes
ac_cv_header_inttypes_h=yes
ac_cv_header_memory_h=yes
ac_cv_header_stdc=yes
ac_cv_header_stdint_h=yes
ac_cv_header_stdlib_h=yes
ac_cv_header_string_h=yes
ac_cv_header_strings_h=yes
ac_cv_header_sys_stat_h=yes
ac_cv_header_sys_types_h=yes
ac_cv_header_unistd_h=yes
ac_cv_host=armv7l-unknown-linux-gnueabi
ac_cv_objext=o
ac_cv_path_EGREP='/bin/grep -E'
ac_cv_path_FGREP='/bin/grep -F'
ac_cv_path_GMSGFMT=:
ac_cv_path_GREP=/bin/grep
ac_cv_path_MSGFMT=:
ac_cv_path_MSGMERGE=:
ac_cv_path_SED=/bin/sed
ac_cv_path_XGETTEXT=:
ac_cv_path_install='/usr/bin/install -c'
ac_cv_path_mkdir=/bin/mkdir
ac_cv_prog_AWK=mawk
ac_cv_prog_CPP='gcc -E'
ac_cv_prog_ac_ct_AR=ar
ac_cv_prog_ac_ct_CC=gcc
ac_cv_prog_ac_ct_OBJDUMP=objdump
ac_cv_prog_ac_ct_RANLIB=ranlib
ac_cv_prog_ac_ct_STRIP=strip
ac_cv_prog_cc_c89=
ac_cv_prog_cc_g=yes
ac_cv_prog_make_make_set=yes
ac_cv_search_inet_ntoa='none required'
acl_cv_hardcode_direct=no
acl_cv_hardcode_libdir_flag_spec='${wl}-rpath ${wl}$libdir'
acl_cv_hardcode_libdir_separator=
acl_cv_hardcode_minus_L=no
acl_cv_libext=a
acl_cv_path_LD=/usr/bin/ld
acl_cv_prog_gnu_ld=yes
acl_cv_rpath=done
acl_cv_shlibext=so
acl_cv_wl=-Wl,
am_cv_CC_dependencies_compiler_type=gcc3
gt_cv_func_CFLocaleCopyCurrent=no
gt_cv_func_CFPreferencesCopyAppValue=no
gt_cv_func_gnugettext1_libc=yes
lt_cv_deplibs_check_method=pass_all
lt_cv_file_magic_cmd='$MAGIC_CMD'
lt_cv_file_magic_test_file=
lt_cv_ld_reload_flag=-r
lt_cv_nm_interface='BSD nm'
lt_cv_objdir=.libs
lt_cv_path_LD=/usr/bin/ld
lt_cv_path_NM='/usr/bin/nm -B'
lt_cv_prog_compiler_c_o=yes
lt_cv_prog_compiler_pic_works=yes
lt_cv_prog_compiler_rtti_exceptions=no
lt_cv_prog_compiler_static_works=yes
lt_cv_prog_gnu_ld=yes
lt_cv_sys_global_symbol_pipe='sed -n -e '\''s/^.*[	 ]\([ABCDGIRSTW][ABCDGIRSTW]*\)[	 ][	 ]*\([_A-Za-z][_A-Za-z0-9]*\)$/\1 \2 \2/p'\'''
lt_cv_sys_global_symbol_to_c_name_address='sed -n -e '\''s/^: \([^ ]*\) $/  {\"\1\", (void *) 0},/p'\'' -e '\''s/^[ABCDGIRSTW]* \([^ ]*\) \([^ ]*\)$/  {"\2", (void *) \&\2},/p'\'''
lt_cv_sys_global_symbol_to_c_name_address_lib_prefix='sed -n -e '\''s/^: \([^ ]*\) $/  {\"\1\", (void *) 0},/p'\'' -e '\''s/^[ABCDGIRSTW]* \([^ ]*\) \(lib[^ ]*\)$/  {"\2", (void *) \&\2},/p'\'' -e '\''s/^[ABCDGIRSTW]* \([^ ]*\) \([^ ]*\)$/  {"lib\2", (void *) \&\2},/p'\'''
lt_cv_sys_global_symbol_to_cdecl='sed -n -e '\''s/^T .* \(.*\)$/extern int \1();/p'\'' -e '\''s/^[ABCDGIRSTW]* .* \(.*\)$/extern char \1;/p'\'''
lt_cv_sys_max_cmd_len=1572864

## ----------------- ##
## Output variables. ##
## ----------------- ##

ACLOCAL='${SHELL} /home/pi/SNESDev-Rpi/libs/confuse-2.7/support/missing --run aclocal-1.11'
AMDEPBACKSLASH='\'
AMDEP_FALSE='#'
AMDEP_TRUE=''
AMTAR='${SHELL} /home/pi/SNESDev-Rpi/libs/confuse-2.7/support/missing --run tar'
AR='ar'
AUTOCONF='${SHELL} /home/pi/SNESDev-Rpi/libs/confuse-2.7/support/missing --run autoconf'
AUTOHEADER='${SHELL} /home/pi/SNESDev-Rpi/libs/confuse-2.7/support/missing --run autoheader'
AUTOMAKE='${SHELL} /home/pi/SNESDev-Rpi/libs/confuse-2.7/support/missing --run automake-1.11'
AWK='mawk'
CC='gcc'
CCDEPMODE='depmode=gcc3'
CFLAGS='-g -O2'
CPP='gcc -E'
CPPFLAGS=''
CYGPATH_W='echo'
DEFS='-DHAVE_CONFIG_H'
DEPDIR='.deps'
DSYMUTIL=''
DUMPBIN=''
ECHO_C=''
ECHO_N='-n'
ECHO_T=''
EGREP='/bin/grep -E'
ENABLE_EXAMPLES_FALSE='#'
ENABLE_EXAMPLES_TRUE=''
EXEEXT=''
FGREP='/bin/grep -F'
GMSGFMT=':'
GMSGFMT_015=':'
GREP='/bin/grep'
INSTALL_DATA='${INSTALL} -m 644'
INSTALL_PROGRAM='${INSTALL}'
INSTALL_SCRIPT='${INSTALL}'
INSTALL_STRIP_PROGRAM='$(install_sh) -c -s'
INTLLIBS=''
INTL_MACOSX_LIBS=''
LD='/usr/bin/ld'
LDFLAGS=''
LEX='${SHELL} /home/pi/SNESDev-Rpi/libs/confuse-2.7/support/missing --run flex'
LEXLIB=''
LEX_OUTPUT_ROOT=''
LIBICONV='-liconv'
LIBINTL=''
LIBOBJS=''
LIBS=''
LIBTOOL='$(SHELL) $(top_builddir)/libtool'
LIPO=''
LN_S='ln -s'
LTLIBICONV='-liconv'
LTLIBINTL=''
LTLIBOBJS=''
MAINT='#'
MAINTAINER_MODE_FALSE=''
MAINTAINER_MODE_TRUE='#'
MAKEINFO='${SHELL} /home/pi/SNESDev-Rpi/libs/confuse-2.7/support/missing --run makeinfo'
MKDIR_P='/bin/mkdir -p'
MSGFMT=':'
MSGFMT_015=':'
MSGMERGE=':'
NM='/usr/bin/nm -B'
NMEDIT=''
OBJDUMP='objdump'
OBJEXT='o'
OTOOL64=''
OTOOL=''
PACKAGE='confuse'
PACKAGE_BUGREPORT='confuse-devel@nongnu.org'
PACKAGE_NAME='libConfuse'
PACKAGE_STRING='libConfuse 2.7'
PACKAGE_TARNAME='confuse'
PACKAGE_URL=''
PACKAGE_VERSION='2.7'
PATH_SEPARATOR=':'
POSUB='po'
RANLIB='ranlib'
SED='/bin/sed'
SET_MAKE=''
SHELL='/bin/bash'
STRIP='strip'
USE_NLS='yes'
VERSION='2.7'
XGETTEXT=':'
XGETTEXT_015=':'
ac_ct_CC='gcc'
ac_ct_DUMPBIN=''
am__EXEEXT_FALSE=''
am__EXEEXT_TRUE='#'
am__fastdepCC_FALSE='#'
am__fastdepCC_TRUE=''
am__include='include'
am__isrc=''
am__leading_dot='.'
am__quote=''
am__tar='${AMTAR} chof - "$$tardir"'
am__untar='${AMTAR} xf -'
bindir='${exec_prefix}/bin'
build='armv7l-unknown-linux-gnueabi'
build_alias=''
build_cpu='armv7l'
build_os='linux-gnueabi'
build_vendor='unknown'
datadir='${datarootdir}'
datarootdir='${prefix}/share'
docdir='${datarootdir}/doc/${PACKAGE_TARNAME}'
dvidir='${docdir}'
exec_prefix='${prefix}'
host='armv7l-unknown-linux-gnueabi'
host_alias=''
host_cpu='armv7l'
host_os='linux-gnueabi'
host_vendor='unknown'
htmldir='${docdir}'
includedir='${prefix}/include'
infodir='${datarootdir}/info'
install_sh='${SHELL} /home/pi/SNESDev-Rpi/libs/confuse-2.7/support/install-sh'
libdir='${exec_prefix}/lib'
libexecdir='${exec_prefix}/libexec'
localedir='${datarootdir}/locale'
localstatedir='${prefix}/var'
lt_ECHO='echo'
mandir='${datarootdir}/man'
mkdir_p='/bin/mkdir -p'
oldincludedir='/usr/include'
pdfdir='${docdir}'
prefix='/usr/local'
program_transform_name='s,x,x,'
psdir='${docdir}'
sbindir='${exec_prefix}/sbin'
sharedstatedir='${prefix}/com'
sysconfdir='${prefix}/etc'
target_alias=''

## ----------- ##
## confdefs.h. ##
## ----------- ##

/* confdefs.h */
#define PACKAGE_NAME "libConfuse"
#define PACKAGE_TARNAME "confuse"
#define PACKAGE_VERSION "2.7"
#define PACKAGE_STRING "libConfuse 2.7"
#define PACKAGE_BUGREPORT "confuse-devel@nongnu.org"
#define PACKAGE_URL ""
#define PACKAGE "confuse"
#define VERSION "2.7"
#define STDC_HEADERS 1
#define HAVE_SYS_TYPES_H 1
#define HAVE_SYS_STAT_H 1
#define HAVE_STDLIB_H 1
#define HAVE_STRING_H 1
#define HAVE_MEMORY_H 1
#define HAVE_STRINGS_H 1
#define HAVE_INTTYPES_H 1
#define HAVE_STDINT_H 1
#define HAVE_UNISTD_H 1
#define HAVE_DLFCN_H 1
#define LT_OBJDIR ".libs/"
#define ENABLE_NLS 1
#define HAVE_GETTEXT 1
#define HAVE_DCGETTEXT 1
#define STDC_HEADERS 1
#define HAVE_UNISTD_H 1
#define HAVE_STRCASECMP 1
#define HAVE_STRDUP 1
#define HAVE_STRNDUP 1

configure: exit 0
